SF:lib/modules/grupo_de_recurso/domain/entities/grupo_de_recurso.dart
DA:10,2
DA:16,2
DA:20,0
DA:21,0
DA:22,0
DA:23,0
DA:26,0
DA:28,0
LF:8
LH:2
end_of_record
SF:lib/modules/grupo_de_recurso/external/datasources/grupo_de_recurso_datasource_impl.dart
DA:10,2
DA:12,2
DA:14,2
DA:16,2
DA:17,0
DA:20,6
DA:26,0
DA:28,0
DA:30,0
DA:34,0
DA:36,0
DA:41,0
DA:43,0
DA:46,0
DA:48,0
DA:53,0
DA:54,0
DA:57,0
DA:60,0
DA:62,0
DA:68,0
DA:71,0
DA:73,0
DA:74,0
DA:79,0
LF:25
LH:5
end_of_record
SF:lib/modules/recurso/external/datasources/recurso_datasource_impl.dart
DA:10,1
DA:12,0
DA:14,0
DA:16,0
DA:17,0
DA:20,0
DA:26,0
DA:28,0
DA:30,0
DA:33,0
DA:35,0
DA:40,0
DA:42,0
DA:45,0
DA:47,0
DA:52,0
DA:53,0
DA:56,0
DA:59,0
DA:61,0
DA:67,0
DA:70,0
DA:72,0
DA:73,0
DA:78,0
LF:25
LH:1
end_of_record
SF:lib/modules/grupo_de_recurso/domain/entities/tipo_de_recurso.dart
DA:5,4
DA:7,0
DA:8,0
DA:10,0
DA:11,0
DA:13,4
DA:14,4
DA:16,0
DA:17,0
DA:19,0
DA:21,0
DA:22,0
DA:23,0
DA:24,0
DA:25,0
DA:26,0
DA:28,0
DA:32,0
DA:36,0
DA:39,0
DA:40,0
LF:21
LH:3
end_of_record
SF:lib/modules/grupo_de_recurso/domain/errors/grupo_de_recursos_failures.dart
DA:4,0
DA:5,0
DA:9,1
DA:10,1
LF:4
LH:2
end_of_record
SF:lib/modules/grupo_de_recurso/external/mappers/grupo_de_recurso_mapper.dart
DA:5,0
DA:6,0
DA:7,0
DA:8,0
DA:9,0
DA:10,0
DA:13,0
DA:14,0
DA:15,0
DA:16,0
DA:17,0
DA:18,0
LF:12
LH:0
end_of_record
SF:lib/modules/recurso/domain/entities/recurso.dart
DA:12,2
DA:21,2
DA:25,0
DA:26,0
DA:27,0
DA:28,0
DA:29,0
DA:30,0
DA:33,0
DA:35,0
DA:36,0
DA:37,0
DA:38,0
DA:39,0
DA:40,0
LF:15
LH:2
end_of_record
SF:lib/modules/recurso/domain/errors/recurso_failures.dart
DA:4,0
DA:8,2
LF:2
LH:1
end_of_record
SF:lib/modules/recurso/external/mappers/recurso_mapper.dart
DA:6,0
DA:7,0
DA:8,0
DA:9,0
DA:10,0
DA:11,0
DA:12,0
DA:13,0
DA:14,0
DA:18,0
DA:19,0
DA:20,0
DA:21,0
DA:22,0
DA:23,0
DA:24,0
DA:25,0
LF:17
LH:0
end_of_record
SF:lib/modules/grupo_de_recurso/infra/repositories/grupo_de_recurso_repository_impl.dart
DA:9,1
DA:11,1
DA:14,2
DA:15,1
DA:16,0
DA:17,1
DA:18,2
DA:25,1
DA:28,2
DA:29,1
DA:30,0
DA:31,1
DA:32,2
DA:39,1
DA:42,2
DA:43,1
DA:44,0
DA:45,1
DA:46,2
DA:53,1
DA:56,2
DA:57,0
DA:58,0
DA:59,0
DA:60,0
DA:67,1
DA:70,2
DA:71,0
DA:72,0
DA:73,0
DA:74,0
LF:31
LH:20
end_of_record
SF:lib/modules/recurso/domain/usecases/get_recurso_by_id.dart
DA:12,1
DA:14,1
DA:16,1
DA:17,2
DA:20,2
LF:5
LH:5
end_of_record
SF:lib/modules/recurso/domain/usecases/save_recurso.dart
DA:11,1
DA:13,1
DA:15,3
DA:16,2
DA:17,2
LF:5
LH:5
end_of_record
SF:lib/modules/recurso/domain/usecases/get_recurso_list.dart
DA:11,1
DA:13,1
DA:15,1
DA:16,2
DA:17,2
LF:5
LH:5
end_of_record
SF:lib/modules/recurso/infra/repositories/recurso_repository_impl.dart
DA:9,1
DA:11,1
DA:14,2
DA:15,1
DA:16,0
DA:17,1
DA:18,2
DA:25,1
DA:28,2
DA:29,1
DA:30,0
DA:31,1
DA:32,2
DA:39,1
DA:42,2
DA:43,1
DA:44,0
DA:45,1
DA:46,2
DA:53,1
DA:56,2
DA:57,0
DA:58,0
DA:59,0
DA:60,0
DA:67,1
DA:70,2
DA:71,0
DA:72,0
DA:73,0
DA:74,0
LF:31
LH:20
end_of_record
SF:lib/modules/grupo_de_recurso/domain/usecases/get_grupo_de_recurso_list_usecase.dart
DA:11,1
DA:13,1
DA:15,1
DA:16,2
DA:17,2
LF:5
LH:5
end_of_record
SF:lib/modules/grupo_de_recurso/domain/usecases/save_grupo_de_recurso_usecase.dart
DA:11,1
DA:13,1
DA:15,3
DA:16,2
DA:17,2
LF:5
LH:5
end_of_record
SF:lib/modules/grupo_de_recurso/domain/usecases/get_grupo_de_recurso_by_id_usecase.dart
DA:12,1
DA:14,1
DA:16,1
DA:17,2
DA:20,2
LF:5
LH:5
end_of_record
